<?xml version="1.0" encoding="UTF-8"?>
<!-- Generated by org.testng.reporters.JUnitReportReporter -->
<testsuite hostname="Krishna" failures="0" tests="1" name="testCases.ValidatesearchingwithanexistingProductName" time="1.573" errors="0" timestamp="2024-02-14T17:04:35 IST" skipped="0">
  <testcase classname="testCases.ValidatesearchingwithanexistingProductName" name="validatingSearchbox" time="1.573"/>
</testsuite> <!-- testCases.ValidatesearchingwithanexistingProductName -->
