<?xml version="1.0" encoding="UTF-8"?>
<!-- Generated by org.testng.reporters.JUnitReportReporter -->
<testsuite hostname="Krishna" failures="0" tests="1" name="testCases.ValidatesearchingwithanexistingProductName" time="1.561" errors="0" timestamp="2024-02-14T17:08:57 IST" skipped="0">
  <testcase classname="testCases.ValidatesearchingwithanexistingProductName" name="validatingSearchbox" time="1.561"/>
</testsuite> <!-- testCases.ValidatesearchingwithanexistingProductName -->
